<?xml version="1.0" encoding="UTF-8"?>
<testsuite xmlns:xsi="http://www.w3.org/2001/XMLSchema-instance" xsi:noNamespaceSchemaLocation="https://maven.apache.org/surefire/maven-surefire-plugin/xsd/surefire-test-report-3.0.xsd" version="3.0" name="tn.esprit.spring.Services.Universite.UniversiteServiceTest" time="0.941" tests="3" errors="0" skipped="0" failures="0">
  <properties>
[...]
</properties>
  <testcase name="testFindUniversitiesByTypeAndProgram" classname="tn.esprit.spring.Services.Universite.UniversiteServiceTest" time="0.916"/>
  <testcase name="testAddOrUpdate" classname="tn.esprit.spring.Services.Universite.UniversiteServiceTest" time="0.009"/>
  <testcase name="testFindById" classname="tn.esprit.spring.Services.Universite.UniversiteServiceTest" time="0.007"/>
</testsuite>