<?xml version="1.0" encoding="UTF-8"?>
<testsuite xmlns:xsi="http://www.w3.org/2001/XMLSchema-instance" xsi:noNamespaceSchemaLocation="https://maven.apache.org/surefire/maven-surefire-plugin/xsd/surefire-test-report-3.0.xsd" version="3.0" name="tn.esprit.spring.Services.Universite.UniversiteServiceIntegrationTest" time="37.957" tests="2" errors="0" skipped="0" failures="2">
  <properties>
[...]
</properties>
  <testcase name="testAddOrUpdate" classname="tn.esprit.spring.Services.Universite.UniversiteServiceIntegrationTest" time="15.207">
    <failure message="expected: not &lt;null&gt;" type="org.opentest4j.AssertionFailedError"><![CDATA[org.opentest4j.AssertionFailedError: expected: not <null>
	at org.junit.jupiter.api.AssertionFailureBuilder.build(AssertionFailureBuilder.java:152)
	at org.junit.jupiter.api.AssertionFailureBuilder.buildAndThrow(AssertionFailureBuilder.java:132)
	at org.junit.jupiter.api.AssertNotNull.failNull(AssertNotNull.java:49)
	at org.junit.jupiter.api.AssertNotNull.assertNotNull(AssertNotNull.java:35)
	at org.junit.jupiter.api.AssertNotNull.assertNotNull(AssertNotNull.java:30)
	at org.junit.jupiter.api.Assertions.assertNotNull(Assertions.java:301)
	at tn.esprit.spring.Services.Universite.UniversiteServiceIntegrationTest.testAddOrUpdate(UniversiteServiceIntegrationTest.java:51)
	at java.base/jdk.internal.reflect.NativeMethodAccessorImpl.invoke0(Native Method)
	at java.base/jdk.internal.reflect.NativeMethodAccessorImpl.invoke(NativeMethodAccessorImpl.java:77)
	at java.base/jdk.internal.reflect.DelegatingMethodAccessorImpl.invoke(DelegatingMethodAccessorImpl.java:43)
	at java.base/java.lang.reflect.Method.invoke(Method.java:569)
	at org.junit.platform.commons.util.ReflectionUtils.invokeMethod(ReflectionUtils.java:727)
	at org.junit.jupiter.engine.execution.MethodInvocation.proceed(MethodInvocation.java:60)
	at org.junit.jupiter.engine.execution.InvocationInterceptorChain$ValidatingInvocation.proceed(InvocationInterceptorChain.java:131)
	at org.junit.jupiter.engine.extension.TimeoutExtension.intercept(TimeoutExtension.java:156)
	at org.junit.jupiter.engine.extension.TimeoutExtension.interceptTestableMethod(TimeoutExtension.java:147)
	at org.junit.jupiter.engine.extension.TimeoutExtension.interceptTestMethod(TimeoutExtension.java:86)
	at org.junit.jupiter.engine.execution.InterceptingExecutableInvoker$ReflectiveInterceptorCall.lambda$ofVoidMethod$0(InterceptingExecutableInvoker.java:103)
	at org.junit.jupiter.engine.execution.InterceptingExecutableInvoker.lambda$invoke$0(InterceptingExecutableInvoker.java:93)
	at org.junit.jupiter.engine.execution.InvocationInterceptorChain$InterceptedInvocation.proceed(InvocationInterceptorChain.java:106)
	at org.junit.jupiter.engine.execution.InvocationInterceptorChain.proceed(InvocationInterceptorChain.java:64)
	at org.junit.jupiter.engine.execution.InvocationInterceptorChain.chainAndInvoke(InvocationInterceptorChain.java:45)
	at org.junit.jupiter.engine.execution.InvocationInterceptorChain.invoke(InvocationInterceptorChain.java:37)
	at org.junit.jupiter.engine.execution.InterceptingExecutableInvoker.invoke(InterceptingExecutableInvoker.java:92)
	at org.junit.jupiter.engine.execution.InterceptingExecutableInvoker.invoke(InterceptingExecutableInvoker.java:86)
	at org.junit.jupiter.engine.descriptor.TestMethodTestDescriptor.lambda$invokeTestMethod$7(TestMethodTestDescriptor.java:217)
	at org.junit.platform.engine.support.hierarchical.ThrowableCollector.execute(ThrowableCollector.java:73)
	at org.junit.jupiter.engine.descriptor.TestMethodTestDescriptor.invokeTestMethod(TestMethodTestDescriptor.java:213)
	at org.junit.jupiter.engine.descriptor.TestMethodTestDescriptor.execute(TestMethodTestDescriptor.java:138)
	at org.junit.jupiter.engine.descriptor.TestMethodTestDescriptor.execute(TestMethodTestDescriptor.java:68)
	at org.junit.platform.engine.support.hierarchical.NodeTestTask.lambda$executeRecursively$6(NodeTestTask.java:151)
	at org.junit.platform.engine.support.hierarchical.ThrowableCollector.execute(ThrowableCollector.java:73)
	at org.junit.platform.engine.support.hierarchical.NodeTestTask.lambda$executeRecursively$8(NodeTestTask.java:141)
	at org.junit.platform.engine.support.hierarchical.Node.around(Node.java:137)
	at org.junit.platform.engine.support.hierarchical.NodeTestTask.lambda$executeRecursively$9(NodeTestTask.java:139)
	at org.junit.platform.engine.support.hierarchical.ThrowableCollector.execute(ThrowableCollector.java:73)
	at org.junit.platform.engine.support.hierarchical.NodeTestTask.executeRecursively(NodeTestTask.java:138)
	at org.junit.platform.engine.support.hierarchical.NodeTestTask.execute(NodeTestTask.java:95)
	at java.base/java.util.ArrayList.forEach(ArrayList.java:1511)
	at org.junit.platform.engine.support.hierarchical.SameThreadHierarchicalTestExecutorService.invokeAll(SameThreadHierarchicalTestExecutorService.java:41)
	at org.junit.platform.engine.support.hierarchical.NodeTestTask.lambda$executeRecursively$6(NodeTestTask.java:155)
	at org.junit.platform.engine.support.hierarchical.ThrowableCollector.execute(ThrowableCollector.java:73)
	at org.junit.platform.engine.support.hierarchical.NodeTestTask.lambda$executeRecursively$8(NodeTestTask.java:141)
	at org.junit.platform.engine.support.hierarchical.Node.around(Node.java:137)
	at org.junit.platform.engine.support.hierarchical.NodeTestTask.lambda$executeRecursively$9(NodeTestTask.java:139)
	at org.junit.platform.engine.support.hierarchical.ThrowableCollector.execute(ThrowableCollector.java:73)
	at org.junit.platform.engine.support.hierarchical.NodeTestTask.executeRecursively(NodeTestTask.java:138)
	at org.junit.platform.engine.support.hierarchical.NodeTestTask.execute(NodeTestTask.java:95)
	at java.base/java.util.ArrayList.forEach(ArrayList.java:1511)
	at org.junit.platform.engine.support.hierarchical.SameThreadHierarchicalTestExecutorService.invokeAll(SameThreadHierarchicalTestExecutorService.java:41)
	at org.junit.platform.engine.support.hierarchical.NodeTestTask.lambda$executeRecursively$6(NodeTestTask.java:155)
	at org.junit.platform.engine.support.hierarchical.ThrowableCollector.execute(ThrowableCollector.java:73)
	at org.junit.platform.engine.support.hierarchical.NodeTestTask.lambda$executeRecursively$8(NodeTestTask.java:141)
	at org.junit.platform.engine.support.hierarchical.Node.around(Node.java:137)
	at org.junit.platform.engine.support.hierarchical.NodeTestTask.lambda$executeRecursively$9(NodeTestTask.java:139)
	at org.junit.platform.engine.support.hierarchical.ThrowableCollector.execute(ThrowableCollector.java:73)
	at org.junit.platform.engine.support.hierarchical.NodeTestTask.executeRecursively(NodeTestTask.java:138)
	at org.junit.platform.engine.support.hierarchical.NodeTestTask.execute(NodeTestTask.java:95)
	at org.junit.platform.engine.support.hierarchical.SameThreadHierarchicalTestExecutorService.submit(SameThreadHierarchicalTestExecutorService.java:35)
	at org.junit.platform.engine.support.hierarchical.HierarchicalTestExecutor.execute(HierarchicalTestExecutor.java:57)
	at org.junit.platform.engine.support.hierarchical.HierarchicalTestEngine.execute(HierarchicalTestEngine.java:54)
	at org.junit.platform.launcher.core.EngineExecutionOrchestrator.execute(EngineExecutionOrchestrator.java:147)
	at org.junit.platform.launcher.core.EngineExecutionOrchestrator.execute(EngineExecutionOrchestrator.java:127)
	at org.junit.platform.launcher.core.EngineExecutionOrchestrator.execute(EngineExecutionOrchestrator.java:90)
	at org.junit.platform.launcher.core.EngineExecutionOrchestrator.lambda$execute$0(EngineExecutionOrchestrator.java:55)
	at org.junit.platform.launcher.core.EngineExecutionOrchestrator.withInterceptedStreams(EngineExecutionOrchestrator.java:102)
	at org.junit.platform.launcher.core.EngineExecutionOrchestrator.execute(EngineExecutionOrchestrator.java:54)
	at org.junit.platform.launcher.core.DefaultLauncher.execute(DefaultLauncher.java:114)
	at org.junit.platform.launcher.core.DefaultLauncher.execute(DefaultLauncher.java:86)
	at org.junit.platform.launcher.core.DefaultLauncherSession$DelegatingLauncher.execute(DefaultLauncherSession.java:86)
	at org.apache.maven.surefire.junitplatform.LazyLauncher.execute(LazyLauncher.java:50)
	at org.apache.maven.surefire.junitplatform.JUnitPlatformProvider.execute(JUnitPlatformProvider.java:184)
	at org.apache.maven.surefire.junitplatform.JUnitPlatformProvider.invokeAllTests(JUnitPlatformProvider.java:148)
	at org.apache.maven.surefire.junitplatform.JUnitPlatformProvider.invoke(JUnitPlatformProvider.java:122)
	at org.apache.maven.surefire.booter.ForkedBooter.runSuitesInProcess(ForkedBooter.java:385)
	at org.apache.maven.surefire.booter.ForkedBooter.execute(ForkedBooter.java:162)
	at org.apache.maven.surefire.booter.ForkedBooter.run(ForkedBooter.java:507)
	at org.apache.maven.surefire.booter.ForkedBooter.main(ForkedBooter.java:495)
]]></failure>
    <system-out><![CDATA[07:41:00.306 [main] INFO org.springframework.test.context.support.AnnotationConfigContextLoaderUtils -- Could not detect default configuration classes for test class [tn.esprit.spring.Services.Universite.UniversiteServiceIntegrationTest]: UniversiteServiceIntegrationTest does not declare any static, non-private, non-final, nested classes annotated with @Configuration.
07:41:00.427 [main] INFO org.springframework.boot.test.context.SpringBootTestContextBootstrapper -- Found @SpringBootConfiguration tn.esprit.spring.FoyerApplication for test class tn.esprit.spring.Services.Universite.UniversiteServiceIntegrationTest
07:41:00.603 [main] INFO org.testcontainers.utility.ImageNameSubstitutor -- Image name substitution will be performed by: DefaultImageNameSubstitutor (composite of 'ConfigurationFileImageNameSubstitutor' and 'PrefixingImageNameSubstitutor')

  .   ____          _            __ _ _
 /\\ / ___'_ __ _ _(_)_ __  __ _ \ \ \ \
( ( )\___ | '_ | '_| | '_ \/ _` | \ \ \ \
 \\/  ___)| |_)| | | | | || (_| |  ) ) ) )
  '  |____| .__|_| |_|_| |_\__, | / / / /
 =========|_|==============|___/=/_/_/_/
 :: Spring Boot ::                (v3.1.5)

2024-11-01T07:41:00.999Z  INFO 29014 --- [           main] e.s.S.U.UniversiteServiceIntegrationTest : Starting UniversiteServiceIntegrationTest using Java 17.0.12 with PID 29014 (started by root in /home/vagrant/5SIM2-G3-Foyer)
2024-11-01T07:41:01.001Z  INFO 29014 --- [           main] e.s.S.U.UniversiteServiceIntegrationTest : The following 1 profile is active: "test"
2024-11-01T07:41:01.997Z  INFO 29014 --- [           main] .s.d.r.c.RepositoryConfigurationDelegate : Bootstrapping Spring Data JPA repositories in DEFAULT mode.
2024-11-01T07:41:02.082Z  INFO 29014 --- [           main] .s.d.r.c.RepositoryConfigurationDelegate : Finished Spring Data repository scanning in 75 ms. Found 6 JPA repository interfaces.
2024-11-01T07:41:02.843Z  INFO 29014 --- [           main] o.hibernate.jpa.internal.util.LogHelper  : HHH000204: Processing PersistenceUnitInfo [name: default]
2024-11-01T07:41:02.890Z  INFO 29014 --- [           main] org.hibernate.Version                    : HHH000412: Hibernate ORM core version 6.2.13.Final
2024-11-01T07:41:02.894Z  INFO 29014 --- [           main] org.hibernate.cfg.Environment            : HHH000406: Using bytecode reflection optimizer
2024-11-01T07:41:03.101Z  INFO 29014 --- [           main] o.s.o.j.p.SpringPersistenceUnitInfo      : No LoadTimeWeaver setup: ignoring JPA class transformer
2024-11-01T07:41:03.122Z  INFO 29014 --- [           main] com.zaxxer.hikari.HikariDataSource       : HikariPool-1 - Starting...
2024-11-01T07:41:03.310Z  INFO 29014 --- [           main] com.zaxxer.hikari.pool.HikariPool        : HikariPool-1 - Added connection conn0: url=jdbc:h2:mem:testdb user=SA
2024-11-01T07:41:03.312Z  INFO 29014 --- [           main] com.zaxxer.hikari.HikariDataSource       : HikariPool-1 - Start completed.
2024-11-01T07:41:04.357Z  INFO 29014 --- [           main] o.h.e.t.j.p.i.JtaPlatformInitiator       : HHH000489: No JTA platform available (set 'hibernate.transaction.jta.platform' to enable JTA platform integration)
Hibernate: drop table if exists t_bloc cascade 
Hibernate: drop table if exists t_chambre cascade 
Hibernate: drop table if exists t_chambre_reservations cascade 
Hibernate: drop table if exists t_etudiant cascade 
Hibernate: drop table if exists t_foyer cascade 
Hibernate: drop table if exists t_programme cascade 
Hibernate: drop table if exists t_reservation cascade 
Hibernate: drop table if exists t_reservation_etudiants cascade 
Hibernate: drop table if exists t_universite cascade 
Hibernate: create table t_bloc (capacite_bloc bigint not null, foyer_id_foyer bigint, id_bloc bigint generated by default as identity, nom_bloc varchar(255), primary key (id_bloc))
Hibernate: create table t_chambre (bloc_id_bloc bigint, id_chambre bigint generated by default as identity, numero_chambre bigint unique, typec varchar(255) check (typec in ('SIMPLE','DOUBLE','TRIPLE')), primary key (id_chambre))
Hibernate: create table t_chambre_reservations (chambre_id_chambre bigint not null, reservations_id_reservation varchar(255) not null unique)
Hibernate: create table t_etudiant (date_naissance date, cin bigint not null, id_etudiant bigint generated by default as identity, ecole varchar(255), nom_et varchar(255), prenom_et varchar(255), primary key (id_etudiant))
Hibernate: create table t_foyer (capacite_foyer bigint not null, id_foyer bigint generated by default as identity, nom_foyer varchar(255), primary key (id_foyer))
Hibernate: create table t_programme (duree_en_annees integer not null, id_programme bigint generated by default as identity, universite_id_universite bigint, niveau varchar(255), nom_programme varchar(255), primary key (id_programme))
Hibernate: create table t_reservation (annee_universitaire date, est_valide boolean not null, id_reservation varchar(255) not null, primary key (id_reservation))
Hibernate: create table t_reservation_etudiants (etudiants_id_etudiant bigint not null, reservations_id_reservation varchar(255) not null)
Hibernate: create table t_universite (foyer_id_foyer bigint unique, id_universite bigint generated by default as identity, adresse varchar(255), nom_universite varchar(255), type_universite varchar(255) check (type_universite in ('PUBLIC','PRIVE')), primary key (id_universite))
Hibernate: alter table if exists t_bloc add constraint FKjjwhlcwla3ys5yp36m0aqivdr foreign key (foyer_id_foyer) references t_foyer
Hibernate: alter table if exists t_chambre add constraint FKhccfibngldb9t3wa06xg1qhfk foreign key (bloc_id_bloc) references t_bloc
Hibernate: alter table if exists t_chambre_reservations add constraint FKcmffjxrqi7cnh819m0fddx65h foreign key (reservations_id_reservation) references t_reservation
Hibernate: alter table if exists t_chambre_reservations add constraint FKfxbc8lgdbrm52ol9slhm11qy8 foreign key (chambre_id_chambre) references t_chambre
Hibernate: alter table if exists t_programme add constraint FKkjm7ebkkc50d2kw0xixjicf78 foreign key (universite_id_universite) references t_universite
Hibernate: alter table if exists t_reservation_etudiants add constraint FKsa01fwp72jakxi8b9soapl32w foreign key (etudiants_id_etudiant) references t_etudiant
Hibernate: alter table if exists t_reservation_etudiants add constraint FKko0c1l3ctx308jlueriyg90yc foreign key (reservations_id_reservation) references t_reservation
Hibernate: alter table if exists t_universite add constraint FKl8ocoh5hm4gvsp0sqbk4dw4gp foreign key (foyer_id_foyer) references t_foyer
2024-11-01T07:41:04.431Z  INFO 29014 --- [           main] j.LocalContainerEntityManagerFactoryBean : Initialized JPA EntityManagerFactory for persistence unit 'default'
2024-11-01T07:41:05.066Z  INFO 29014 --- [           main] o.s.d.j.r.query.QueryEnhancerFactory     : Hibernate is in classpath; If applicable, HQL parser will be used.
2024-11-01T07:41:06.793Z  WARN 29014 --- [           main] JpaBaseConfiguration$JpaWebConfiguration : spring.jpa.open-in-view is enabled by default. Therefore, database queries may be performed during view rendering. Explicitly configure spring.jpa.open-in-view to disable this warning
2024-11-01T07:41:08.295Z  INFO 29014 --- [           main] o.s.b.a.h2.H2ConsoleAutoConfiguration    : H2 console available at '/h2-console'. Database available at 'jdbc:h2:mem:testdb'
2024-11-01T07:41:08.452Z  INFO 29014 --- [           main] e.s.S.U.UniversiteServiceIntegrationTest : Started UniversiteServiceIntegrationTest in 7.805 seconds (process running for 9.157)
2024-11-01T07:41:08.668Z  INFO 29014 --- [           main] o.t.d.DockerClientProviderStrategy       : Loaded org.testcontainers.dockerclient.UnixSocketClientProviderStrategy from ~/.testcontainers.properties, will try it first
2024-11-01T07:41:08.906Z  INFO 29014 --- [           main] o.t.d.DockerClientProviderStrategy       : Found Docker environment with local Unix socket (unix:///var/run/docker.sock)
2024-11-01T07:41:08.907Z  INFO 29014 --- [           main] org.testcontainers.DockerClientFactory   : Docker host IP address is localhost
2024-11-01T07:41:08.938Z  INFO 29014 --- [           main] org.testcontainers.DockerClientFactory   : Connected to docker: 
  Server Version: 27.3.1
  API Version: 1.47
  Operating System: Ubuntu 22.04.4 LTS
  Total Memory: 7937 MB
2024-11-01T07:41:08.962Z  INFO 29014 --- [           main] tc.testcontainers/ryuk:0.5.1             : Creating container for image: testcontainers/ryuk:0.5.1
2024-11-01T07:41:09.153Z  INFO 29014 --- [           main] tc.testcontainers/ryuk:0.5.1             : Container testcontainers/ryuk:0.5.1 is starting: 070e6eece23c21f36f34e2abdc83d5c102bf6f6f33018867ffb7c282f52e160c
2024-11-01T07:41:09.666Z  INFO 29014 --- [           main] tc.testcontainers/ryuk:0.5.1             : Container testcontainers/ryuk:0.5.1 started in PT0.718407757S
2024-11-01T07:41:09.675Z  INFO 29014 --- [           main] o.t.utility.RyukResourceReaper           : Ryuk started - will monitor and terminate Testcontainers containers on JVM exit
2024-11-01T07:41:09.675Z  INFO 29014 --- [           main] org.testcontainers.DockerClientFactory   : Checking the system...
2024-11-01T07:41:09.675Z  INFO 29014 --- [           main] org.testcontainers.DockerClientFactory   : ✔︎ Docker server version should be at least 1.6.0
2024-11-01T07:41:09.678Z  INFO 29014 --- [           main] tc.mysql:5.7                             : Creating container for image: mysql:5.7
2024-11-01T07:41:09.679Z  WARN 29014 --- [           main] tc.mysql:5.7                             : Reuse was requested but the environment does not support the reuse of containers
To enable reuse of containers, you must set 'testcontainers.reuse.enable=true' in a file located at /root/.testcontainers.properties
2024-11-01T07:41:09.812Z  INFO 29014 --- [           main] tc.mysql:5.7                             : Container mysql:5.7 is starting: f088aa6c6ba1238c9df7feb395bb85333186bc5d9a70c1bce73962d627469b61
2024-11-01T07:41:10.379Z  INFO 29014 --- [           main] tc.mysql:5.7                             : Waiting for database connection to become available at jdbc:mysql://localhost:32793/testdb using query 'SELECT 1'
2024-11-01T07:41:22.401Z  INFO 29014 --- [           main] tc.mysql:5.7                             : Container mysql:5.7 started in PT12.722522651S
2024-11-01T07:41:22.401Z  INFO 29014 --- [           main] tc.mysql:5.7                             : Container is started (JDBC URL: jdbc:mysql://localhost:32793/testdb)
2024-11-01T07:41:22.965Z  INFO 29014 --- [           main] tn.esprit.spring.AOP.FoyerAspect         : hello addOrUpdate
Hibernate: insert into t_universite (adresse,foyer_id_foyer,nom_universite,type_universite,id_universite) values (?,?,?,?,default)
2024-11-01T07:41:23.041Z  INFO 29014 --- [           main] tn.esprit.spring.AOP.FoyerAspect         : Bye bye addOrUpdate
2024-11-01T07:41:23.043Z  INFO 29014 --- [           main] tn.esprit.spring.AOP.FoyerAspect         : Method execution time: 76 milliseconds.
2024-11-01T07:41:23.045Z  INFO 29014 --- [           main] tn.esprit.spring.AOP.FoyerAspect         : hello addOrUpdate
Hibernate: select u1_0.id_universite,u1_0.adresse,f1_0.id_foyer,f1_0.capacite_foyer,f1_0.nom_foyer,u1_0.nom_universite,u1_0.type_universite,p1_0.universite_id_universite,p1_0.id_programme,p1_0.duree_en_annees,p1_0.niveau,p1_0.nom_programme from t_universite u1_0 left join t_foyer f1_0 on f1_0.id_foyer=u1_0.foyer_id_foyer left join t_programme p1_0 on u1_0.id_universite=p1_0.universite_id_universite where u1_0.id_universite=?
Hibernate: update t_universite set adresse=?,foyer_id_foyer=?,nom_universite=?,type_universite=? where id_universite=?
2024-11-01T07:41:23.125Z  INFO 29014 --- [           main] tn.esprit.spring.AOP.FoyerAspect         : Bye bye addOrUpdate
2024-11-01T07:41:23.126Z  INFO 29014 --- [           main] tn.esprit.spring.AOP.FoyerAspect         : Method execution time: 81 milliseconds.
Result from addOrUpdate: null
2024-11-01T07:41:23.126Z  INFO 29014 --- [           main] tn.esprit.spring.AOP.FoyerAspect         : hello findAll
Hibernate: select u1_0.id_universite,u1_0.adresse,u1_0.foyer_id_foyer,u1_0.nom_universite,u1_0.type_universite from t_universite u1_0
2024-11-01T07:41:23.169Z  INFO 29014 --- [           main] tn.esprit.spring.AOP.FoyerAspect         : Bye bye findAll
2024-11-01T07:41:23.170Z  INFO 29014 --- [           main] tn.esprit.spring.AOP.FoyerAspect         : Method execution time: 44 milliseconds.
All universities: null
]]></system-out>
  </testcase>
  <testcase name="testGetAll" classname="tn.esprit.spring.Services.Universite.UniversiteServiceIntegrationTest" time="14.305">
    <failure message="expected: not &lt;null&gt;" type="org.opentest4j.AssertionFailedError"><![CDATA[org.opentest4j.AssertionFailedError: expected: not <null>
	at org.junit.jupiter.api.AssertionFailureBuilder.build(AssertionFailureBuilder.java:152)
	at org.junit.jupiter.api.AssertionFailureBuilder.buildAndThrow(AssertionFailureBuilder.java:132)
	at org.junit.jupiter.api.AssertNotNull.failNull(AssertNotNull.java:49)
	at org.junit.jupiter.api.AssertNotNull.assertNotNull(AssertNotNull.java:35)
	at org.junit.jupiter.api.AssertNotNull.assertNotNull(AssertNotNull.java:30)
	at org.junit.jupiter.api.Assertions.assertNotNull(Assertions.java:301)
	at tn.esprit.spring.Services.Universite.UniversiteServiceIntegrationTest.testGetAll(UniversiteServiceIntegrationTest.java:67)
	at java.base/jdk.internal.reflect.NativeMethodAccessorImpl.invoke0(Native Method)
	at java.base/jdk.internal.reflect.NativeMethodAccessorImpl.invoke(NativeMethodAccessorImpl.java:77)
	at java.base/jdk.internal.reflect.DelegatingMethodAccessorImpl.invoke(DelegatingMethodAccessorImpl.java:43)
	at java.base/java.lang.reflect.Method.invoke(Method.java:569)
	at org.junit.platform.commons.util.ReflectionUtils.invokeMethod(ReflectionUtils.java:727)
	at org.junit.jupiter.engine.execution.MethodInvocation.proceed(MethodInvocation.java:60)
	at org.junit.jupiter.engine.execution.InvocationInterceptorChain$ValidatingInvocation.proceed(InvocationInterceptorChain.java:131)
	at org.junit.jupiter.engine.extension.TimeoutExtension.intercept(TimeoutExtension.java:156)
	at org.junit.jupiter.engine.extension.TimeoutExtension.interceptTestableMethod(TimeoutExtension.java:147)
	at org.junit.jupiter.engine.extension.TimeoutExtension.interceptTestMethod(TimeoutExtension.java:86)
	at org.junit.jupiter.engine.execution.InterceptingExecutableInvoker$ReflectiveInterceptorCall.lambda$ofVoidMethod$0(InterceptingExecutableInvoker.java:103)
	at org.junit.jupiter.engine.execution.InterceptingExecutableInvoker.lambda$invoke$0(InterceptingExecutableInvoker.java:93)
	at org.junit.jupiter.engine.execution.InvocationInterceptorChain$InterceptedInvocation.proceed(InvocationInterceptorChain.java:106)
	at org.junit.jupiter.engine.execution.InvocationInterceptorChain.proceed(InvocationInterceptorChain.java:64)
	at org.junit.jupiter.engine.execution.InvocationInterceptorChain.chainAndInvoke(InvocationInterceptorChain.java:45)
	at org.junit.jupiter.engine.execution.InvocationInterceptorChain.invoke(InvocationInterceptorChain.java:37)
	at org.junit.jupiter.engine.execution.InterceptingExecutableInvoker.invoke(InterceptingExecutableInvoker.java:92)
	at org.junit.jupiter.engine.execution.InterceptingExecutableInvoker.invoke(InterceptingExecutableInvoker.java:86)
	at org.junit.jupiter.engine.descriptor.TestMethodTestDescriptor.lambda$invokeTestMethod$7(TestMethodTestDescriptor.java:217)
	at org.junit.platform.engine.support.hierarchical.ThrowableCollector.execute(ThrowableCollector.java:73)
	at org.junit.jupiter.engine.descriptor.TestMethodTestDescriptor.invokeTestMethod(TestMethodTestDescriptor.java:213)
	at org.junit.jupiter.engine.descriptor.TestMethodTestDescriptor.execute(TestMethodTestDescriptor.java:138)
	at org.junit.jupiter.engine.descriptor.TestMethodTestDescriptor.execute(TestMethodTestDescriptor.java:68)
	at org.junit.platform.engine.support.hierarchical.NodeTestTask.lambda$executeRecursively$6(NodeTestTask.java:151)
	at org.junit.platform.engine.support.hierarchical.ThrowableCollector.execute(ThrowableCollector.java:73)
	at org.junit.platform.engine.support.hierarchical.NodeTestTask.lambda$executeRecursively$8(NodeTestTask.java:141)
	at org.junit.platform.engine.support.hierarchical.Node.around(Node.java:137)
	at org.junit.platform.engine.support.hierarchical.NodeTestTask.lambda$executeRecursively$9(NodeTestTask.java:139)
	at org.junit.platform.engine.support.hierarchical.ThrowableCollector.execute(ThrowableCollector.java:73)
	at org.junit.platform.engine.support.hierarchical.NodeTestTask.executeRecursively(NodeTestTask.java:138)
	at org.junit.platform.engine.support.hierarchical.NodeTestTask.execute(NodeTestTask.java:95)
	at java.base/java.util.ArrayList.forEach(ArrayList.java:1511)
	at org.junit.platform.engine.support.hierarchical.SameThreadHierarchicalTestExecutorService.invokeAll(SameThreadHierarchicalTestExecutorService.java:41)
	at org.junit.platform.engine.support.hierarchical.NodeTestTask.lambda$executeRecursively$6(NodeTestTask.java:155)
	at org.junit.platform.engine.support.hierarchical.ThrowableCollector.execute(ThrowableCollector.java:73)
	at org.junit.platform.engine.support.hierarchical.NodeTestTask.lambda$executeRecursively$8(NodeTestTask.java:141)
	at org.junit.platform.engine.support.hierarchical.Node.around(Node.java:137)
	at org.junit.platform.engine.support.hierarchical.NodeTestTask.lambda$executeRecursively$9(NodeTestTask.java:139)
	at org.junit.platform.engine.support.hierarchical.ThrowableCollector.execute(ThrowableCollector.java:73)
	at org.junit.platform.engine.support.hierarchical.NodeTestTask.executeRecursively(NodeTestTask.java:138)
	at org.junit.platform.engine.support.hierarchical.NodeTestTask.execute(NodeTestTask.java:95)
	at java.base/java.util.ArrayList.forEach(ArrayList.java:1511)
	at org.junit.platform.engine.support.hierarchical.SameThreadHierarchicalTestExecutorService.invokeAll(SameThreadHierarchicalTestExecutorService.java:41)
	at org.junit.platform.engine.support.hierarchical.NodeTestTask.lambda$executeRecursively$6(NodeTestTask.java:155)
	at org.junit.platform.engine.support.hierarchical.ThrowableCollector.execute(ThrowableCollector.java:73)
	at org.junit.platform.engine.support.hierarchical.NodeTestTask.lambda$executeRecursively$8(NodeTestTask.java:141)
	at org.junit.platform.engine.support.hierarchical.Node.around(Node.java:137)
	at org.junit.platform.engine.support.hierarchical.NodeTestTask.lambda$executeRecursively$9(NodeTestTask.java:139)
	at org.junit.platform.engine.support.hierarchical.ThrowableCollector.execute(ThrowableCollector.java:73)
	at org.junit.platform.engine.support.hierarchical.NodeTestTask.executeRecursively(NodeTestTask.java:138)
	at org.junit.platform.engine.support.hierarchical.NodeTestTask.execute(NodeTestTask.java:95)
	at org.junit.platform.engine.support.hierarchical.SameThreadHierarchicalTestExecutorService.submit(SameThreadHierarchicalTestExecutorService.java:35)
	at org.junit.platform.engine.support.hierarchical.HierarchicalTestExecutor.execute(HierarchicalTestExecutor.java:57)
	at org.junit.platform.engine.support.hierarchical.HierarchicalTestEngine.execute(HierarchicalTestEngine.java:54)
	at org.junit.platform.launcher.core.EngineExecutionOrchestrator.execute(EngineExecutionOrchestrator.java:147)
	at org.junit.platform.launcher.core.EngineExecutionOrchestrator.execute(EngineExecutionOrchestrator.java:127)
	at org.junit.platform.launcher.core.EngineExecutionOrchestrator.execute(EngineExecutionOrchestrator.java:90)
	at org.junit.platform.launcher.core.EngineExecutionOrchestrator.lambda$execute$0(EngineExecutionOrchestrator.java:55)
	at org.junit.platform.launcher.core.EngineExecutionOrchestrator.withInterceptedStreams(EngineExecutionOrchestrator.java:102)
	at org.junit.platform.launcher.core.EngineExecutionOrchestrator.execute(EngineExecutionOrchestrator.java:54)
	at org.junit.platform.launcher.core.DefaultLauncher.execute(DefaultLauncher.java:114)
	at org.junit.platform.launcher.core.DefaultLauncher.execute(DefaultLauncher.java:86)
	at org.junit.platform.launcher.core.DefaultLauncherSession$DelegatingLauncher.execute(DefaultLauncherSession.java:86)
	at org.apache.maven.surefire.junitplatform.LazyLauncher.execute(LazyLauncher.java:50)
	at org.apache.maven.surefire.junitplatform.JUnitPlatformProvider.execute(JUnitPlatformProvider.java:184)
	at org.apache.maven.surefire.junitplatform.JUnitPlatformProvider.invokeAllTests(JUnitPlatformProvider.java:148)
	at org.apache.maven.surefire.junitplatform.JUnitPlatformProvider.invoke(JUnitPlatformProvider.java:122)
	at org.apache.maven.surefire.booter.ForkedBooter.runSuitesInProcess(ForkedBooter.java:385)
	at org.apache.maven.surefire.booter.ForkedBooter.execute(ForkedBooter.java:162)
	at org.apache.maven.surefire.booter.ForkedBooter.run(ForkedBooter.java:507)
	at org.apache.maven.surefire.booter.ForkedBooter.main(ForkedBooter.java:495)
]]></failure>
    <system-out><![CDATA[2024-11-01T07:41:23.682Z  INFO 29014 --- [           main] tc.mysql:5.7                             : Creating container for image: mysql:5.7
2024-11-01T07:41:23.687Z  WARN 29014 --- [           main] tc.mysql:5.7                             : Reuse was requested but the environment does not support the reuse of containers
To enable reuse of containers, you must set 'testcontainers.reuse.enable=true' in a file located at /root/.testcontainers.properties
2024-11-01T07:41:23.826Z  INFO 29014 --- [           main] tc.mysql:5.7                             : Container mysql:5.7 is starting: 6acb92e3be1698642f92c8da94dfde0207ba9d92dc8d16284cc2e8c0e402ef3b
2024-11-01T07:41:24.255Z  INFO 29014 --- [           main] tc.mysql:5.7                             : Waiting for database connection to become available at jdbc:mysql://localhost:32794/testdb using query 'SELECT 1'
2024-11-01T07:41:37.486Z  INFO 29014 --- [           main] tc.mysql:5.7                             : Container mysql:5.7 started in PT13.804135145S
2024-11-01T07:41:37.487Z  INFO 29014 --- [           main] tc.mysql:5.7                             : Container is started (JDBC URL: jdbc:mysql://localhost:32794/testdb)
2024-11-01T07:41:37.490Z  INFO 29014 --- [           main] tn.esprit.spring.AOP.FoyerAspect         : hello addOrUpdate
Hibernate: insert into t_universite (adresse,foyer_id_foyer,nom_universite,type_universite,id_universite) values (?,?,?,?,default)
2024-11-01T07:41:37.492Z  INFO 29014 --- [           main] tn.esprit.spring.AOP.FoyerAspect         : Bye bye addOrUpdate
2024-11-01T07:41:37.493Z  INFO 29014 --- [           main] tn.esprit.spring.AOP.FoyerAspect         : Method execution time: 3 milliseconds.
2024-11-01T07:41:37.493Z  INFO 29014 --- [           main] tn.esprit.spring.AOP.FoyerAspect         : hello addOrUpdate
Hibernate: select u1_0.id_universite,u1_0.adresse,f1_0.id_foyer,f1_0.capacite_foyer,f1_0.nom_foyer,u1_0.nom_universite,u1_0.type_universite,p1_0.universite_id_universite,p1_0.id_programme,p1_0.duree_en_annees,p1_0.niveau,p1_0.nom_programme from t_universite u1_0 left join t_foyer f1_0 on f1_0.id_foyer=u1_0.foyer_id_foyer left join t_programme p1_0 on u1_0.id_universite=p1_0.universite_id_universite where u1_0.id_universite=?
2024-11-01T07:41:37.496Z  INFO 29014 --- [           main] tn.esprit.spring.AOP.FoyerAspect         : Bye bye addOrUpdate
2024-11-01T07:41:37.496Z  INFO 29014 --- [           main] tn.esprit.spring.AOP.FoyerAspect         : Method execution time: 3 milliseconds.
2024-11-01T07:41:37.497Z  INFO 29014 --- [           main] tn.esprit.spring.AOP.FoyerAspect         : hello addOrUpdate
Hibernate: select u1_0.id_universite,u1_0.adresse,f1_0.id_foyer,f1_0.capacite_foyer,f1_0.nom_foyer,u1_0.nom_universite,u1_0.type_universite,p1_0.universite_id_universite,p1_0.id_programme,p1_0.duree_en_annees,p1_0.niveau,p1_0.nom_programme from t_universite u1_0 left join t_foyer f1_0 on f1_0.id_foyer=u1_0.foyer_id_foyer left join t_programme p1_0 on u1_0.id_universite=p1_0.universite_id_universite where u1_0.id_universite=?
Hibernate: update t_universite set adresse=?,foyer_id_foyer=?,nom_universite=?,type_universite=? where id_universite=?
2024-11-01T07:41:37.499Z  INFO 29014 --- [           main] tn.esprit.spring.AOP.FoyerAspect         : Bye bye addOrUpdate
2024-11-01T07:41:37.500Z  INFO 29014 --- [           main] tn.esprit.spring.AOP.FoyerAspect         : Method execution time: 3 milliseconds.
2024-11-01T07:41:37.500Z  INFO 29014 --- [           main] tn.esprit.spring.AOP.FoyerAspect         : hello findAll
Hibernate: select u1_0.id_universite,u1_0.adresse,u1_0.foyer_id_foyer,u1_0.nom_universite,u1_0.type_universite from t_universite u1_0
2024-11-01T07:41:37.503Z  INFO 29014 --- [           main] tn.esprit.spring.AOP.FoyerAspect         : Bye bye findAll
2024-11-01T07:41:37.503Z  INFO 29014 --- [           main] tn.esprit.spring.AOP.FoyerAspect         : Method execution time: 3 milliseconds.
Result from findAll: null
]]></system-out>
  </testcase>
</testsuite>