<?xml version="1.0" encoding="UTF-8"?>
<testsuite xmlns:xsi="http://www.w3.org/2001/XMLSchema-instance" xsi:noNamespaceSchemaLocation="https://maven.apache.org/surefire/maven-surefire-plugin/xsd/surefire-test-report-3.0.xsd" version="3.0" name="tn.esprit.spring.Services.Universite.UniversiteRepositoryTest" time="5.499" tests="4" errors="0" skipped="0" failures="0">
  <properties>
[...]
</properties>
  <testcase name="testFindUniversitiesByTypeAndProgram" classname="tn.esprit.spring.Services.Universite.UniversiteRepositoryTest" time="0.836">
    <system-out><![CDATA[16:16:15.079 [main] INFO org.springframework.test.context.support.AnnotationConfigContextLoaderUtils -- Could not detect default configuration classes for test class [tn.esprit.spring.Services.Universite.UniversiteRepositoryTest]: UniversiteRepositoryTest does not declare any static, non-private, non-final, nested classes annotated with @Configuration.
16:16:15.247 [main] INFO org.springframework.boot.test.context.SpringBootTestContextBootstrapper -- Found @SpringBootConfiguration tn.esprit.spring.FoyerApplication for test class tn.esprit.spring.Services.Universite.UniversiteRepositoryTest

  .   ____          _            __ _ _
 /\\ / ___'_ __ _ _(_)_ __  __ _ \ \ \ \
( ( )\___ | '_ | '_| | '_ \/ _` | \ \ \ \
 \\/  ___)| |_)| | | | | || (_| |  ) ) ) )
  '  |____| .__|_| |_|_| |_\__, | / / / /
 =========|_|==============|___/=/_/_/_/
 :: Spring Boot ::                (v3.1.5)

2024-11-01T16:16:15.686Z  INFO 38434 --- [           main] t.e.s.S.U.UniversiteRepositoryTest       : Starting UniversiteRepositoryTest using Java 17.0.12 with PID 38434 (started by root in /home/vagrant/5SIM2-G3-Foyer)
2024-11-01T16:16:15.689Z  INFO 38434 --- [           main] t.e.s.S.U.UniversiteRepositoryTest       : No active profile set, falling back to 1 default profile: "default"
2024-11-01T16:16:16.137Z  INFO 38434 --- [           main] .s.d.r.c.RepositoryConfigurationDelegate : Bootstrapping Spring Data JPA repositories in DEFAULT mode.
2024-11-01T16:16:16.304Z  INFO 38434 --- [           main] .s.d.r.c.RepositoryConfigurationDelegate : Finished Spring Data repository scanning in 141 ms. Found 6 JPA repository interfaces.
2024-11-01T16:16:16.379Z  INFO 38434 --- [           main] beddedDataSourceBeanFactoryPostProcessor : Replacing 'dataSource' DataSource bean with embedded version
2024-11-01T16:16:16.574Z  INFO 38434 --- [           main] o.s.j.d.e.EmbeddedDatabaseFactory        : Starting embedded database: url='jdbc:h2:mem:e648c1a2-aeed-4ddf-8d77-a084d2047f78;DB_CLOSE_DELAY=-1;DB_CLOSE_ON_EXIT=false', username='sa'
2024-11-01T16:16:16.874Z  INFO 38434 --- [           main] o.hibernate.jpa.internal.util.LogHelper  : HHH000204: Processing PersistenceUnitInfo [name: default]
2024-11-01T16:16:16.916Z  INFO 38434 --- [           main] org.hibernate.Version                    : HHH000412: Hibernate ORM core version 6.2.13.Final
2024-11-01T16:16:16.918Z  INFO 38434 --- [           main] org.hibernate.cfg.Environment            : HHH000406: Using bytecode reflection optimizer
2024-11-01T16:16:17.191Z  INFO 38434 --- [           main] o.s.o.j.p.SpringPersistenceUnitInfo      : No LoadTimeWeaver setup: ignoring JPA class transformer
2024-11-01T16:16:18.293Z  INFO 38434 --- [           main] o.h.e.t.j.p.i.JtaPlatformInitiator       : HHH000489: No JTA platform available (set 'hibernate.transaction.jta.platform' to enable JTA platform integration)
Hibernate: drop table if exists t_bloc cascade 
Hibernate: drop table if exists t_chambre cascade 
Hibernate: drop table if exists t_chambre_reservations cascade 
Hibernate: drop table if exists t_etudiant cascade 
Hibernate: drop table if exists t_foyer cascade 
Hibernate: drop table if exists t_programme cascade 
Hibernate: drop table if exists t_reservation cascade 
Hibernate: drop table if exists t_reservation_etudiants cascade 
Hibernate: drop table if exists t_universite cascade 
Hibernate: create table t_bloc (capacite_bloc bigint not null, foyer_id_foyer bigint, id_bloc bigint generated by default as identity, nom_bloc varchar(255), primary key (id_bloc))
Hibernate: create table t_chambre (bloc_id_bloc bigint, id_chambre bigint generated by default as identity, numero_chambre bigint unique, typec varchar(255) check (typec in ('SIMPLE','DOUBLE','TRIPLE')), primary key (id_chambre))
Hibernate: create table t_chambre_reservations (chambre_id_chambre bigint not null, reservations_id_reservation varchar(255) not null unique)
Hibernate: create table t_etudiant (date_naissance date, cin bigint not null, id_etudiant bigint generated by default as identity, ecole varchar(255), nom_et varchar(255), prenom_et varchar(255), primary key (id_etudiant))
Hibernate: create table t_foyer (capacite_foyer bigint not null, id_foyer bigint generated by default as identity, nom_foyer varchar(255), primary key (id_foyer))
Hibernate: create table t_programme (duree_en_annees integer not null, id_programme bigint generated by default as identity, universite_id_universite bigint, niveau varchar(255), nom_programme varchar(255), primary key (id_programme))
Hibernate: create table t_reservation (annee_universitaire date, est_valide boolean not null, id_reservation varchar(255) not null, primary key (id_reservation))
Hibernate: create table t_reservation_etudiants (etudiants_id_etudiant bigint not null, reservations_id_reservation varchar(255) not null)
Hibernate: create table t_universite (foyer_id_foyer bigint unique, id_universite bigint generated by default as identity, adresse varchar(255), nom_universite varchar(255), type_universite varchar(255) check (type_universite in ('PUBLIC','PRIVE')), primary key (id_universite))
Hibernate: alter table if exists t_bloc add constraint FKjjwhlcwla3ys5yp36m0aqivdr foreign key (foyer_id_foyer) references t_foyer
Hibernate: alter table if exists t_chambre add constraint FKhccfibngldb9t3wa06xg1qhfk foreign key (bloc_id_bloc) references t_bloc
Hibernate: alter table if exists t_chambre_reservations add constraint FKcmffjxrqi7cnh819m0fddx65h foreign key (reservations_id_reservation) references t_reservation
Hibernate: alter table if exists t_chambre_reservations add constraint FKfxbc8lgdbrm52ol9slhm11qy8 foreign key (chambre_id_chambre) references t_chambre
Hibernate: alter table if exists t_programme add constraint FKkjm7ebkkc50d2kw0xixjicf78 foreign key (universite_id_universite) references t_universite
Hibernate: alter table if exists t_reservation_etudiants add constraint FKsa01fwp72jakxi8b9soapl32w foreign key (etudiants_id_etudiant) references t_etudiant
Hibernate: alter table if exists t_reservation_etudiants add constraint FKko0c1l3ctx308jlueriyg90yc foreign key (reservations_id_reservation) references t_reservation
Hibernate: alter table if exists t_universite add constraint FKl8ocoh5hm4gvsp0sqbk4dw4gp foreign key (foyer_id_foyer) references t_foyer
2024-11-01T16:16:18.400Z  INFO 38434 --- [           main] j.LocalContainerEntityManagerFactoryBean : Initialized JPA EntityManagerFactory for persistence unit 'default'
2024-11-01T16:16:18.749Z  INFO 38434 --- [           main] o.s.d.j.r.query.QueryEnhancerFactory     : Hibernate is in classpath; If applicable, HQL parser will be used.
2024-11-01T16:16:19.406Z  INFO 38434 --- [           main] t.e.s.S.U.UniversiteRepositoryTest       : Started UniversiteRepositoryTest in 4.09 seconds (process running for 5.233)
Hibernate: insert into t_universite (adresse,foyer_id_foyer,nom_universite,type_universite,id_universite) values (?,?,?,?,default)
Hibernate: select u1_0.id_universite,u1_0.adresse,u1_0.foyer_id_foyer,u1_0.nom_universite,u1_0.type_universite from t_universite u1_0 left join t_programme p1_0 on u1_0.id_universite=p1_0.universite_id_universite where u1_0.type_universite=? and p1_0.niveau=?
]]></system-out>
  </testcase>
  <testcase name="testFindByNomUniversite" classname="tn.esprit.spring.Services.Universite.UniversiteRepositoryTest" time="0.016">
    <system-out><![CDATA[Hibernate: insert into t_universite (adresse,foyer_id_foyer,nom_universite,type_universite,id_universite) values (?,?,?,?,default)
Hibernate: select u1_0.id_universite,u1_0.adresse,u1_0.foyer_id_foyer,u1_0.nom_universite,u1_0.type_universite from t_universite u1_0 where u1_0.nom_universite=?
]]></system-out>
  </testcase>
  <testcase name="testAddOrUpdate" classname="tn.esprit.spring.Services.Universite.UniversiteRepositoryTest" time="0.024">
    <system-out><![CDATA[Hibernate: insert into t_universite (adresse,foyer_id_foyer,nom_universite,type_universite,id_universite) values (?,?,?,?,default)
Hibernate: insert into t_universite (adresse,foyer_id_foyer,nom_universite,type_universite,id_universite) values (?,?,?,?,default)
]]></system-out>
  </testcase>
  <testcase name="testDeleteById" classname="tn.esprit.spring.Services.Universite.UniversiteRepositoryTest" time="0.061">
    <system-out><![CDATA[Hibernate: insert into t_universite (adresse,foyer_id_foyer,nom_universite,type_universite,id_universite) values (?,?,?,?,default)
Hibernate: select u1_0.id_universite,u1_0.adresse,u1_0.foyer_id_foyer,u1_0.nom_universite,u1_0.type_universite from t_universite u1_0 where u1_0.nom_universite=?
]]></system-out>
  </testcase>
</testsuite>